[debug] [2024-10-04T06:40:53.471Z] ----------------------------------------------------------------------
[debug] [2024-10-04T06:40:53.488Z] Command:       /home/kuria/.nvm/versions/node/v19.1.0/bin/node /home/kuria/.nvm/versions/node/v19.1.0/bin/firebase init
[debug] [2024-10-04T06:40:53.493Z] CLI Version:   13.20.2
[debug] [2024-10-04T06:40:53.494Z] Platform:      linux
[debug] [2024-10-04T06:40:53.495Z] Node Version:  v19.1.0
[debug] [2024-10-04T06:40:53.495Z] Time:          Fri Oct 04 2024 09:40:53 GMT+0300 (East Africa Time)
[debug] [2024-10-04T06:40:53.496Z] ----------------------------------------------------------------------
[debug] 
[debug] [2024-10-04T06:40:53.818Z] > command requires scopes: ["email","openid","https://www.googleapis.com/auth/cloudplatformprojects.readonly","https://www.googleapis.com/auth/firebase","https://www.googleapis.com/auth/cloud-platform"]
[debug] [2024-10-04T06:40:53.819Z] > authorizing via signed-in user (victorkuria7@gmail.com)
[info] 
     ######## #### ########  ######## ########     ###     ######  ########
     ##        ##  ##     ## ##       ##     ##  ##   ##  ##       ##
     ######    ##  ########  ######   ########  #########  ######  ######
     ##        ##  ##    ##  ##       ##     ## ##     ##       ## ##
     ##       #### ##     ## ######## ########  ##     ##  ######  ########

You're about to initialize a Firebase project in this directory:

  /home/kuria/Desktop/SME/Phase 0/Bootstrap Practice

Before we get started, keep in mind:

  * You are initializing within an existing Firebase project directory

